[debug] [2026-03-15T08:07:46.858Z] ----------------------------------------------------------------------
[debug] [2026-03-15T08:07:46.868Z] Command:       C:\Program Files\nodejs\node.exe C:\Users\DELL\AppData\Roaming\npm\node_modules\firebase-tools\lib\bin\firebase.js login --no-localhost
[debug] [2026-03-15T08:07:46.869Z] CLI Version:   15.10.0
[debug] [2026-03-15T08:07:46.869Z] Platform:      win32
[debug] [2026-03-15T08:07:46.870Z] Node Version:  v22.18.0
[debug] [2026-03-15T08:07:46.871Z] Time:          Sun Mar 15 2026 13:37:46 GMT+0530 (India Standard Time)
[debug] [2026-03-15T08:07:46.871Z] ----------------------------------------------------------------------
[debug] 
[debug] [2026-03-15T08:07:46.878Z] >>> [apiv2][query] GET https://firebase-public.firebaseio.com/cli.json [none]
[error] 
[error] Error: Cannot run login in non-interactive mode. See login:ci to generate a token for use in non-interactive environments.
[debug] [2026-03-15T08:08:14.659Z] ----------------------------------------------------------------------
[debug] [2026-03-15T08:08:14.668Z] Command:       C:\Program Files\nodejs\node.exe C:\Users\DELL\AppData\Roaming\npm\node_modules\firebase-tools\lib\bin\firebase.js projects:list
[debug] [2026-03-15T08:08:14.669Z] CLI Version:   15.10.0
[debug] [2026-03-15T08:08:14.670Z] Platform:      win32
[debug] [2026-03-15T08:08:14.670Z] Node Version:  v22.18.0
[debug] [2026-03-15T08:08:14.670Z] Time:          Sun Mar 15 2026 13:38:14 GMT+0530 (India Standard Time)
[debug] [2026-03-15T08:08:14.671Z] ----------------------------------------------------------------------
[debug] 
[debug] [2026-03-15T08:08:14.677Z] >>> [apiv2][query] GET https://firebase-public.firebaseio.com/cli.json [none]
[debug] [2026-03-15T08:08:15.454Z] > command requires scopes: ["email","openid","https://www.googleapis.com/auth/cloudplatformprojects.readonly","https://www.googleapis.com/auth/firebase","https://www.googleapis.com/auth/cloud-platform"]
[debug] [2026-03-15T08:08:15.555Z] Error: Could not load the default credentials. Browse to https://cloud.google.com/docs/authentication/getting-started for more information.
    at GoogleAuth.getApplicationDefaultAsync (C:\Users\DELL\AppData\Roaming\npm\node_modules\firebase-tools\node_modules\google-auth-library\build\src\auth\googleauth.js:287:15)
    at process.processTicksAndRejections (node:internal/process/task_queues:105:5)
    at async GoogleAuth._GoogleAuth_determineClient (C:\Users\DELL\AppData\Roaming\npm\node_modules\firebase-tools\node_modules\google-auth-library\build\src\auth\googleauth.js:834:32)
    at async GoogleAuth.getClient (C:\Users\DELL\AppData\Roaming\npm\node_modules\firebase-tools\node_modules\google-auth-library\build\src\auth\googleauth.js:698:20)
    at async GoogleAuth.getAccessToken (C:\Users\DELL\AppData\Roaming\npm\node_modules\firebase-tools\node_modules\google-auth-library\build\src\auth\googleauth.js:722:24)
    at async autoAuth (C:\Users\DELL\AppData\Roaming\npm\node_modules\firebase-tools\lib\requireAuth.js:28:19)
    at async Object.requireAuth [as fn] (C:\Users\DELL\AppData\Roaming\npm\node_modules\firebase-tools\lib\requireAuth.js:90:20)
    at async C:\Users\DELL\AppData\Roaming\npm\node_modules\firebase-tools\lib\command.js:264:17
[error] 
[error] Error: Failed to authenticate, have you run firebase login?
[debug] [2026-03-15T08:08:33.921Z] ----------------------------------------------------------------------
[debug] [2026-03-15T08:08:33.928Z] Command:       C:\Program Files\nodejs\node.exe C:\Users\DELL\AppData\Roaming\npm\node_modules\firebase-tools\lib\bin\firebase.js login
[debug] [2026-03-15T08:08:33.929Z] CLI Version:   15.10.0
[debug] [2026-03-15T08:08:33.929Z] Platform:      win32
[debug] [2026-03-15T08:08:33.929Z] Node Version:  v22.18.0
[debug] [2026-03-15T08:08:33.930Z] Time:          Sun Mar 15 2026 13:38:33 GMT+0530 (India Standard Time)
[debug] [2026-03-15T08:08:33.930Z] ----------------------------------------------------------------------
[debug] 
[debug] [2026-03-15T08:08:33.934Z] >>> [apiv2][query] GET https://firebase-public.firebaseio.com/cli.json [none]
[error] 
[error] Error: Cannot run login in non-interactive mode. See login:ci to generate a token for use in non-interactive environments.
[debug] [2026-03-15T09:35:51.901Z] ----------------------------------------------------------------------
[debug] [2026-03-15T09:35:51.909Z] Command:       C:\Program Files\nodejs\node.exe C:\Users\DELL\AppData\Roaming\npm\node_modules\firebase-tools\lib\bin\firebase.js projects:list
[debug] [2026-03-15T09:35:51.910Z] CLI Version:   15.10.0
[debug] [2026-03-15T09:35:51.911Z] Platform:      win32
[debug] [2026-03-15T09:35:51.911Z] Node Version:  v22.18.0
[debug] [2026-03-15T09:35:51.912Z] Time:          Sun Mar 15 2026 15:05:51 GMT+0530 (India Standard Time)
[debug] [2026-03-15T09:35:51.912Z] ----------------------------------------------------------------------
[debug] 
[debug] [2026-03-15T09:35:51.917Z] >>> [apiv2][query] GET https://firebase-public.firebaseio.com/cli.json [none]
[debug] [2026-03-15T09:35:52.516Z] > command requires scopes: ["email","openid","https://www.googleapis.com/auth/cloudplatformprojects.readonly","https://www.googleapis.com/auth/firebase","https://www.googleapis.com/auth/cloud-platform"]
[debug] [2026-03-15T09:35:52.559Z] Error: Could not load the default credentials. Browse to https://cloud.google.com/docs/authentication/getting-started for more information.
    at GoogleAuth.getApplicationDefaultAsync (C:\Users\DELL\AppData\Roaming\npm\node_modules\firebase-tools\node_modules\google-auth-library\build\src\auth\googleauth.js:287:15)
    at process.processTicksAndRejections (node:internal/process/task_queues:105:5)
    at async GoogleAuth._GoogleAuth_determineClient (C:\Users\DELL\AppData\Roaming\npm\node_modules\firebase-tools\node_modules\google-auth-library\build\src\auth\googleauth.js:834:32)
    at async GoogleAuth.getClient (C:\Users\DELL\AppData\Roaming\npm\node_modules\firebase-tools\node_modules\google-auth-library\build\src\auth\googleauth.js:698:20)
    at async GoogleAuth.getAccessToken (C:\Users\DELL\AppData\Roaming\npm\node_modules\firebase-tools\node_modules\google-auth-library\build\src\auth\googleauth.js:722:24)
    at async autoAuth (C:\Users\DELL\AppData\Roaming\npm\node_modules\firebase-tools\lib\requireAuth.js:28:19)
    at async Object.requireAuth [as fn] (C:\Users\DELL\AppData\Roaming\npm\node_modules\firebase-tools\lib\requireAuth.js:90:20)
    at async C:\Users\DELL\AppData\Roaming\npm\node_modules\firebase-tools\lib\command.js:264:17
[error] 
[error] Error: Failed to authenticate, have you run firebase login?
